-*- mode: compilation; default-directory: "/home/burak/kod/pocketbudda/app/scripts/" -*-
Compilation started at Mon Mar 12 01:15:20

python celeb_match.py
J. K. Simmons (['112', '148', '150', '154', '159', '165', '175', '190', '196', '198', '199', '219', '221', '228', '235', '244', '276'], 'Capricorn', 'Horse', ['303', 3, 0]) American actor 1955-01-09
Crispian Mills (['112', '166', '169', '181', '185', '198', '224', '234', '262', '276'], 'Capricorn', 'Rat', ['303', 3, 0]) British musician (The Jeevas and Kula Shaker) 1973-01-18
Kevin Costner (['116', '149', '159', '179', '181', '182', '189', '197', '228', '235', '244', '276'], 'Capricorn', 'Horse', ['303', 3, 0]) American actor 1955-01-18
Fergus Martin (['116', '149', '159', '179', '181', '182', '189', '197', '228', '235', '244', '276'], 'Capricorn', 'Horse', ['303', 3, 0]) Irish artist 1955-01-18
Katey Sagal (['112', '150', '160', '165', '167', '181', '182', '197', '213', '214', '244', '247', '276'], 'Capricorn', 'Snake', ['303', 3, 0]) American actress 1954-01-19
Cindy Sherman (['112', '150', '160', '165', '167', '181', '182', '197', '213', '214', '244', '247', '276'], 'Capricorn', 'Snake', ['303', 3, 0]) American artist 1954-01-19
Katharina Thalbach (['112', '150', '160', '165', '167', '181', '182', '197', '213', '214', '244', '247', '276'], 'Capricorn', 'Snake', ['303', 3, 0]) German actress and film director 1954-01-19
Ziaur Rahman (['116', '189', '191', '201', '214', '216', '221', '235', '238', '246', '253', '255'], 'Capricorn', 'Pig', ['303', 3, 0]) President of Bangladesh 1936-01-19
John H. Johnson (['109', '153', '157', '195', '203', '219', '222', '232', '247', '259', '265'], 'Capricorn', 'Snake', ['303', 3, 0]) American publisher 1918-01-19
John Roberts (['132', '160', '173', '194', '197', '228', '230', '235', '238', '244', '259', '271', '276'], 'Capricorn', 'Sheep', ['303', 3, 0]) 17th Chief Justice of the United States 1955-01-27
Alexander Stuart (['132', '160', '173', '194', '197', '228', '230', '235', '238', '244', '259', '271', '276'], 'Capricorn', 'Sheep', ['303', 3, 0]) British author 1955-01-27
Brian Engblom (['132', '160', '173', '194', '197', '228', '230', '235', '238', '244', '259', '271', '276'], 'Capricorn', 'Sheep', ['303', 3, 0]) Canadian ice hockey player 1955-01-27
Rick Warren (['128', '159', '167', '180', '191', '212', '221', '244', '265', '276'], 'Capricorn', 'Snake', ['303', 3, 0]) American pastor and author 1954-01-28
Ismail Kadare (['132', '160', '181', '191', '223', '226', '235', '238', '255'], 'Capricorn', 'Rat', ['303', 3, 0]) Albanian writer 1936-01-28
Alan Alda (['132', '160', '181', '191', '223', '226', '235', '238', '255'], 'Capricorn', 'Rat', ['303', 3, 0]) American actor, writer, and director 1936-01-28
Keith McDonald (['121', '156', '175', '190', '193', '209', '221', '234', '246', '261', '276'], 'Capricorn', 'Ox', ['303', 3, 0]) American baseball player 1973-02-08
John Grisham (['126', '153', '173', '194', '197', '228', '230', '235', '238', '244', '259', '271', '276'], 'Capricorn', 'Sheep', ['303', 3, 0]) American writer 1955-02-08
Christopher Gardner (['122', '152', '163', '174', '192', '209', '210', '262', '265', '276'], 'Capricorn', 'Horse', ['303', 3, 0]) American entrepreneur 1954-02-09
Kevin Warwick (['122', '152', '163', '174', '192', '209', '210', '262', '265', '276'], 'Capricorn', 'Horse', ['303', 3, 0]) Cyborg Scientist 1954-02-09
Clive Swift (['126', '157', '163', '174', '198', '205', '209', '223', '226', '235', '238'], 'Capricorn', 'Rat', ['303', 3, 0]) British actor 1936-02-09
Stompin' Tom Connors (['126', '157', '163', '174', '198', '205', '209', '223', '226', '235', '238'], 'Capricorn', 'Rat', ['303', 3, 0]) Canadian country singer 1936-02-09
Bonnie Wright (['132', '146', '219', '220', '233', '242', '253', '255', '261'], 'Capricorn', 'Sheep', ['303', 3, 0]) British actress 1991-02-17
Mo Yan (['129', '154', '158', '173', '177', '180', '223', '225', '226', '228', '230', '235', '238', '244', '246', '253', '255', '264', '271', '276'], 'Capricorn', 'Sheep', ['303', 3, 0]) Chinese writer, author of Red Sorghum (novel) 1955-02-17
John Travolta (['126', '156', '160', '161', '177', '193', '196', '207', '210', '253', '276'], 'Capricorn', 'Horse', ['303', 3, 0]) American actor 1954-02-18
Jean Auel (['129', '148', '161', '174', '198', '205', '223', '241', '246', '262', '264'], 'Capricorn', 'Rat', ['303', 3, 0]) American writer 1936-02-18
Dick Duff (['129', '148', '161', '174', '198', '205', '223', '241', '246', '262', '264'], 'Capricorn', 'Rat', ['303', 3, 0]) Canadian ice hockey player 1936-02-18
Carson McCullers (['130', '163', '171', '196', '199', '219', '235', '264', '267'], 'Capricorn', 'Snake', ['303', 3, 0]) American author 1917-02-19
Marshall Faulk (['141', '163', '173', '182', '208', '232', '265', '267', '276'], 'Capricorn', 'Ox', ['303', 3, 0]) American football player 1973-02-26
Ole Gunnar Solskjær (['141', '163', '173', '182', '208', '232', '265', '267', '276'], 'Capricorn', 'Ox', ['303', 3, 0]) Norwegian footballer 1973-02-26
Jenny Thompson (['141', '163', '173', '182', '208', '232', '265', '267', '276'], 'Capricorn', 'Ox', ['303', 3, 0]) American swimmer 1973-02-26
Neal Schon (['141', '159', '160', '162', '175', '178', '183', '193', '196', '208', '211', '276'], 'Capricorn', 'Horse', ['303', 3, 0]) American musician (Journey) 1954-02-27
Ron Barassi (['134', '150', '160', '176', '205', '213', '241', '246'], 'Capricorn', 'Rat', ['303', 3, 0]) Australian rules footballer 1936-02-27
Ray Parlour (['133', '156', '161', '173', '180', '214', '232', '267', '276'], 'Capricorn', 'Ox', ['303', 3, 0]) English footballer 1973-03-07
Sébastien Izambard (['133', '156', '161', '173', '180', '214', '232', '267', '276'], 'Capricorn', 'Ox', ['303', 3, 0]) operatic pop singer (Il Divo) 1973-03-07
Jason Bright (['133', '156', '161', '173', '180', '214', '232', '267', '276'], 'Capricorn', 'Ox', ['303', 3, 0]) Australian racing driver 1973-03-07
Tommy Kramer (['137', '158', '163', '210', '228', '230', '235', '238', '244', '254', '271', '276'], 'Capricorn', 'Sheep', ['303', 3, 0]) American football player 1955-03-07
Cheryl Baker (['133', '165', '176', '178', '179', '192', '223', '255', '276'], 'Capricorn', 'Horse', ['303', 3, 0]) British singer (Bucks Fizz) 1954-03-08
David Wilkie (['133', '165', '176', '178', '179', '192', '223', '255', '276'], 'Capricorn', 'Horse', ['303', 3, 0]) Scottish swimmer 1954-03-08
Gábor Szabó (['138', '151', '163', '170', '182', '191', '205', '241', '247'], 'Capricorn', 'Rat', ['303', 3, 0]) Hungarian guitarist 1936-03-08
Andrew Viterbi (['134', '158', '182', '190', '193', '196', '225', '246', '265', '267', '274'], 'Capricorn', 'Pig', ['303', 3, 0]) American telecommunications scientist and businessman 1935-03-09
Jiro Watanabe (['141', '153', '175', '176', '194', '197', '210', '219', '238', '244', '259', '271', '276'], 'Capricorn', 'Sheep', ['303', 3, 0]) Japanese boxer 1955-03-16
Bruno Barreto (['141', '153', '175', '176', '194', '197', '210', '219', '238', '244', '259', '271', '276'], 'Capricorn', 'Sheep', ['303', 3, 0]) Brazilian film director 1955-03-16
Lesley-Anne Down (['137', '158', '192', '223', '254', '276'], 'Capricorn', 'Horse', ['303', 3, 0]) English actress 1954-03-17
Ladislav Kupkovic (['142', '152', '157', '179', '193', '206', '241', '252'], 'Capricorn', 'Rat', ['303', 3, 0]) Slovakian composer 1936-03-17
Ken Mattingly (['142', '152', '157', '179', '193', '206', '241', '252'], 'Capricorn', 'Rat', ['303', 3, 0]) American astronaut 1936-03-17
Ole Barndorff-Nielsen (['138', '163', '174', '189', '190', '193', '196', '203', '210', '225', '252', '262', '265', '267', '274'], 'Capricorn', 'Pig', ['303', 3, 0]) Danish mathematician 1935-03-18
Anthony Barness (['9', '159', '163', '167', '174', '177', '197', '206', '209', '225', '232', '253', '262', '267', '276'], 'Capricorn', 'Ox', ['303', 3, 0]) English footballer 1973-03-25
Daniel Boulud (['1', '162', '209', '212', '219', '238', '244', '262', '271', '276'], 'Capricorn', 'Sheep', ['303', 3, 0]) French chef and restaurateur 1955-03-25
Lee Mazzilli (['1', '162', '209', '212', '219', '238', '244', '262', '271', '276'], 'Capricorn', 'Sheep', ['303', 3, 0]) American baseball player 1955-03-25
Kazuhiko Inoue (['9', '153', '162', '192', '206', '213', '222', '264', '276'], 'Capricorn', 'Horse', ['303', 3, 0]) Japanese seiyu (voice actor) 1954-03-26
Curtis Sliwa (['9', '153', '162', '192', '206', '213', '222', '264', '276'], 'Capricorn', 'Horse', ['303', 3, 0]) American founder of the Guardian Angels 1954-03-26
Abelardo Castillo (['9', '157', '199', '207', '267', '274'], 'Capricorn', 'Pig', ['303', 3, 0]) Argentine writer 1935-03-27
Julian Glover (['9', '157', '199', '207', '267', '274'], 'Capricorn', 'Pig', ['303', 3, 0]) British actor 1935-03-27
Cyrus Vance (['2', '153', '156', '164', '166', '168', '177', '184', '194', '207', '222', '235', '253', '259', '265', '267'], 'Capricorn', 'Snake', ['303', 3, 0]) American politician 1917-03-27
Donnie Edwards (['2', '167', '175', '197', '207', '215', '222', '232', '264', '267', '276'], 'Capricorn', 'Ox', ['303', 3, 0]) American football player 1973-04-06
Rie Miyazawa (['2', '167', '175', '197', '207', '215', '222', '232', '264', '267', '276'], 'Capricorn', 'Ox', ['303', 3, 0]) Japanese actress/singer 1973-04-06
Prashanth (['2', '167', '175', '197', '207', '215', '222', '232', '264', '267', '276'], 'Capricorn', 'Ox', ['303', 3, 0]) Indian actor 1973-04-06
Sun Wen (['2', '167', '175', '197', '207', '215', '222', '232', '264', '267', '276'], 'Capricorn', 'Ox', ['303', 3, 0]) Chinese footballer 1973-04-06
Jackie Chan (['3', '181', '195', '196', '212', '222', '223', '232', '264', '267', '276'], 'Capricorn', 'Horse', ['303', 3, 0]) Hong Kong actor 1954-04-07
Tony Dorsett (['3', '181', '195', '196', '212', '222', '223', '232', '264', '267', '276'], 'Capricorn', 'Horse', ['303', 3, 0]) American football player 1954-04-07
Jean-Pierre Changeux (['7', '159', '166', '211', '217', '241', '247', '261'], 'Capricorn', 'Rat', ['303', 3, 0]) French neuroscientist 1936-04-07
Ellen Barkin (['7', '159', '161', '174', '182', '195', '208', '220', '232', '252', '267', '276'], 'Capricorn', 'Horse', ['303', 3, 0]) American actress 1954-04-16
John Bowe (['7', '159', '161', '174', '182', '195', '208', '220', '232', '252', '267', '276'], 'Capricorn', 'Horse', ['303', 3, 0]) Australian racing driver 1954-04-16
Theo Angelopoulos (['7', '153', '195', '212', '238', '253', '267'], 'Capricorn', 'Pig', ['303', 3, 0]) Greek film director 1935-04-17
Bill Clements (['11', '150', '153', '167', '176', '180', '185', '208', '212', '246'], 'Capricorn', 'Snake', ['303', 3, 0]) American politician 1917-04-17
Sachin Tendulkar (['22', '167', '194', '215', '220', '230', '259', '276'], 'Capricorn', 'Ox', ['303', 3, 0]) Indian cricketer 1973-04-24
I.M. Pei (['15', '154', '157', '167', '182', '192', '198', '214', '221', '224', '252', '261'], 'Capricorn', 'Snake', ['303', 3, 0]) Chinese-born architect 1917-04-26
Sal Maglie (['15', '154', '157', '167', '182', '192', '198', '214', '221', '224', '252', '261'], 'Capricorn', 'Snake', ['303', 3, 0]) baseball player 1917-04-26
Courtney Jines (['14', '154', '176', '177', '180', '192', '198', '199', '206', '242', '256', '264'], 'Capricorn', 'Monkey', ['303', 3, 0]) American actress 1992-05-04
Muhsin Muhammad (['15', '149', '155', '179', '190', '198', '210', '221', '230', '276'], 'Capricorn', 'Ox', ['303', 3, 0]) American football player 1973-05-05
Martin Brodeur (['23', '156', '158', '198', '200', '241', '262', '265'], 'Capricorn', 'Rat', ['303', 3, 0]) Canadian ice hockey player 1972-05-06
Bernard Lemaire (['20', '160', '164', '175', '177', '203', '241', '263'], 'Capricorn', 'Rat', ['303', 3, 0]) French Canadian businessman (Cascades) 1936-05-06
Isobel Warren (['16', '156', '157', '161', '177', '179', '232', '238', '258'], 'Capricorn', 'Pig', ['303', 3, 0]) Canadian author 1935-05-07
David Tomlinson (['20', '160', '162', '167', '169', '192', '198', '201', '226', '247', '263'], 'Capricorn', 'Snake', ['303', 3, 0]) English film actor 1917-05-07
Natalie Appleton (['19', '150', '155', '196', '210', '214', '226', '231', '261', '276'], 'Capricorn', 'Ox', ['303', 3, 0]) Canadian-born singer 1973-05-14
Anais Granofsky (['19', '150', '155', '196', '210', '214', '226', '231', '261', '276'], 'Capricorn', 'Ox', ['303', 3, 0]) Canadian actress and director 1973-05-14
Julian White (['19', '150', '155', '196', '210', '214', '226', '231', '261', '276'], 'Capricorn', 'Ox', ['303', 3, 0]) English rugby union footballer 1973-05-14
David Charvet (['15', '189', '190', '191', '200', '211', '223', '241', '252', '256'], 'Capricorn', 'Rat', ['303', 3, 0]) French actor 1972-05-15
Robert P. Harrison (['19', '151', '155', '164', '176', '220', '232', '244', '253', '255', '267', '276'], 'Capricorn', 'Horse', ['303', 3, 0]) American thinker 1954-05-15
Anna Maria Alberghetti (['24', '157', '161', '175', '199', '209', '233', '252', '270'], 'Capricorn', 'Rat', ['303', 3, 0]) Italian-born actress 1936-05-15
Wavy Gravy (['24', '157', '161', '175', '199', '209', '233', '252', '270'], 'Capricorn', 'Rat', ['303', 3, 0]) American clown and activist 1936-05-15
Ralph Steadman (['24', '157', '161', '175', '199', '209', '233', '252', '270'], 'Capricorn', 'Rat', ['303', 3, 0]) British cartoonist 1936-05-15
Paul Zindel (['24', '157', '161', '175', '199', '209', '233', '252', '270'], 'Capricorn', 'Rat', ['303', 3, 0]) American writer 1936-05-15
Juan Rulfo (['24', '155', '166', '167', '175', '181', '183', '192', '198', '207', '213', '226', '263'], 'Capricorn', 'Snake', ['303', 3, 0]) Mexican novelist 1917-05-16
James C. Murray (['24', '155', '166', '167', '175', '181', '183', '192', '198', '207', '213', '226', '263'], 'Capricorn', 'Snake', ['303', 3, 0]) American politician 1917-05-16
George Gaynes (['24', '155', '166', '167', '175', '181', '183', '192', '198', '207', '213', '226', '263'], 'Capricorn', 'Snake', ['303', 3, 0]) American actor 1917-05-16
Chinami Tokunaga (['35', '179', '193', '194', '197', '220', '225', '226', '242', '246', '262'], 'Capricorn', 'Monkey', ['303', 3, 0]) Japanese singer 1992-05-22
Greg Berlanti (['31', '150', '170', '182', '200', '211', '223', '241'], 'Capricorn', 'Rat', ['303', 3, 0]) American television writer and producer 1972-05-24
Harold Budd (['28', '158', '168', '199', '207', '233', '261', '270'], 'Capricorn', 'Rat', ['303', 3, 0]) American musician 1936-05-24
Cookie Gilchrist (['35', '152', '173', '180', '206', '209', '232', '238'], 'Capricorn', 'Pig', ['303', 3, 0]) American football player 1935-05-25
Victoria Shaw (['35', '152', '173', '180', '206', '209', '232', '238'], 'Capricorn', 'Pig', ['303', 3, 0]) Australian-born American actress 1935-05-25
Steve Cochran (['28', '154', '177', '185', '192', '198', '230', '234'], 'Capricorn', 'Snake', ['303', 3, 0]) American actor 1917-05-25
Jordan Hinson (['35', '159', '189', '215', '224', '233', '242', '273', '276'], 'Capricorn', 'Sheep', ['303', 3, 0]) American actress 1991-06-04
Pavel Kotla (['36', '154', '159', '163', '166', '170', '176', '186', '193', '211', '225', '238', '247'], 'Capricorn', 'Rat', ['303', 3, 0]) Polish conductor 1972-06-05
Chuck Klosterman (['36', '154', '159', '163', '166', '170', '176', '186', '193', '211', '225', '238', '247'], 'Capricorn', 'Rat', ['303', 3, 0]) American journalist 1972-06-05
Mike Bucci (['36', '154', '159', '163', '166', '170', '176', '186', '193', '211', '225', '238', '247'], 'Capricorn', 'Rat', ['303', 3, 0]) American professional wrestler 1972-06-05
Nicko McBrain (['29', '163', '185', '192', '195', '220', '223', '230', '244', '276'], 'Capricorn', 'Horse', ['303', 3, 0]) English musician (Iron Maiden) 1954-06-05
Kirk Kerkorian (['33', '157', '160', '184', '185', '192', '198', '208', '215', '220', '225', '230', '234'], 'Capricorn', 'Snake', ['303', 3, 0]) American businessman 1917-06-06
Allie DiMeco (['32', '157', '158', '163', '167', '173', '191', '205', '242'], 'Capricorn', 'Monkey', ['303', 3, 0]) Rosalina from the Naked Brothers Band 1992-06-12
Sam Adams (['32', '154', '170', '178', '198', '224', '231', '262', '276'], 'Capricorn', 'Ox', ['303', 3, 0]) American football player 1973-06-13
Ville Laihiala (['32', '154', '170', '178', '198', '224', '231', '262', '276'], 'Capricorn', 'Ox', ['303', 3, 0]) Finnish musician (Sentenced, Poisonblack) 1973-06-13
Matthias Ettrich (['28', '147', '167', '196', '238', '253', '255', '262', '263'], 'Capricorn', 'Rat', ['303', 3, 0]) German computer scientist (KDE) 1972-06-14
Shaun Keaveny (['28', '147', '167', '196', '238', '253', '255', '262', '263'], 'Capricorn', 'Rat', ['303', 3, 0]) British radio DJ 1972-06-14
Will Patton (['32', '153', '157', '177', '203', '214', '220', '223', '230', '244', '252', '256', '276'], 'Capricorn', 'Horse', ['303', 3, 0]) American actor 1954-06-14
Renaldo "Obie" Benson (['25', '153', '155', '168', '180', '211', '214', '224', '235', '270'], 'Capricorn', 'Rat', ['303', 3, 0]) singer (The Four Tops) 1936-06-14
Irmelin Sandman Lilius (['25', '153', '155', '168', '180', '211', '214', '224', '235', '270'], 'Capricorn', 'Rat', ['303', 3, 0]) Finnish actor 1936-06-14
John Fenn (['25', '157', '163', '176', '184', '194', '222', '230', '234', '246', '260'], 'Capricorn', 'Snake', ['303', 3, 0]) American chemist, Nobel Prize laureate 1917-06-15
Lash La Rue (['25', '157', '163', '176', '184', '194', '222', '230', '234', '246', '260'], 'Capricorn', 'Snake', ['303', 3, 0]) American actor 1917-06-15
Michalis Genitsaris (['25', '157', '163', '176', '184', '194', '222', '230', '234', '246', '260'], 'Capricorn', 'Snake', ['303', 3, 0]) Greek singer and composer 1917-06-15
Hank Luisetti (['33', '155', '174', '193', '202', '247', '263'], 'Capricorn', 'Dragon', ['303', 3, 0]) American basketball player 1916-06-16
Carson Daly (['48', '165', '178', '213', '222', '231', '246', '253', '265', '276'], 'Capricorn', 'Ox', ['303', 3, 0]) American television personality 1973-06-22
Selma Blair (['44', '179', '184', '238', '258', '262', '263'], 'Capricorn', 'Rat', ['303', 3, 0]) American actress 1972-06-23
Zinedine Zidane (['44', '179', '184', '238', '258', '262', '263'], 'Capricorn', 'Rat', ['303', 3, 0]) French footballer 1972-06-23
Costas Simitis (['41', '155', '176', '200', '212', '224', '235', '270'], 'Capricorn', 'Rat', ['303', 3, 0]) Prime Minister of Greece 1936-06-23
Lamb and Lynx Gaede (['40', '155', '174', '205', '213', '214', '221', '222', '224', '242', '245'], 'Capricorn', 'Monkey', ['303', 3, 0]) American musicians (Prussian Blue) 1992-06-30
Johnny Terris (['41', '157', '162', '181', '183', '190', '194', '205', '209', '222', '231', '258', '261', '265', '276'], 'Capricorn', 'Ox', ['303', 3, 0]) Canadian-born actor and director 1973-07-03
Patrick Wilson (['41', '157', '162', '181', '183', '190', '194', '205', '209', '222', '231', '258', '261', '265', '276'], 'Capricorn', 'Ox', ['303', 3, 0]) American actor 1973-07-03
Jim Beattie (['41', '154', '158', '166', '222', '230', '244', '254', '264', '276'], 'Capricorn', 'Horse', ['303', 3, 0]) American baseball player 1954-07-04
John Gilmore (['41', '146', '152', '174', '175', '177', '178', '189', '230', '232', '241'], 'Capricorn', 'Pig', ['303', 3, 0]) American true crime author 1935-07-05
Erik Per Sullivan (['40', '181', '182', '185', '242', '252', '259', '268', '273', '276'], 'Capricorn', 'Sheep', ['303', 3, 0]) American actor 1991-07-12
Magoo (['45', '153', '154', '157', '178', '181', '194', '196', '205', '208', '225', '232', '258', '267', '276'], 'Capricorn', 'Ox', ['303', 3, 0]) American rapper 1973-07-12
Christian Vieri (['45', '153', '154', '157', '178', '181', '194', '196', '205', '208', '225', '232', '258', '267', '276'], 'Capricorn', 'Ox', ['303', 3, 0]) Italian football player 1973-07-12
Sean Waltman (['41', '145', '153', '156', '157', '189', '192', '193', '202', '208', '222', '238', '252'], 'Capricorn', 'Rat', ['303', 3, 0]) American wrestler 1972-07-13
Sezen Aksu (['45', '171', '182', '185', '205', '209', '222', '244', '260', '264', '276'], 'Capricorn', 'Horse', ['303', 3, 0]) Turkish singer 1954-07-13
Louise Mandrell (['45', '171', '182', '185', '205', '209', '222', '244', '260', '264', '276'], 'Capricorn', 'Horse', ['303', 3, 0]) American musician 1954-07-13
Rick Chartraw (['45', '171', '182', '185', '205', '209', '222', '244', '260', '264', '276'], 'Capricorn', 'Horse', ['303', 3, 0]) American ice hockey player 1954-07-13
Albert Ayler (['38', '150', '152', '167', '175', '193', '207', '222', '235', '251', '260', '270'], 'Capricorn', 'Rat', ['303', 3, 0]) American musician 1936-07-13
Keyshawn Johnson (['45', '151', '189', '220', '221', '238', '252', '262'], 'Capricorn', 'Rat', ['303', 3, 0]) American football player 1972-07-22
Colin Ferguson (['45', '151', '189', '220', '221', '238', '252', '262'], 'Capricorn', 'Rat', ['303', 3, 0]) Canadian actor 1972-07-22
Lonette McKee (['37', '159', '162', '171', '182', '185', '207', '222', '244', '264', '276'], 'Capricorn', 'Horse', ['303', 3, 0]) American actress 1954-07-22
Al Di Meola (['37', '159', '162', '171', '182', '185', '207', '222', '244', '264', '276'], 'Capricorn', 'Horse', ['303', 3, 0]) American guitarist 1954-07-22
Tom Robbins (['42', '157', '166', '175', '192', '213', '222', '235', '251', '257', '270'], 'Capricorn', 'Rat', ['303', 3, 0]) American author 1936-07-22
Hermeto Pascoal (['42', '157', '166', '175', '192', '213', '222', '235', '251', '257', '270'], 'Capricorn', 'Rat', ['303', 3, 0]) Brazilian musician 1936-07-22
Hein Heinsen (['38', '150', '156', '178', '189', '191', '194', '204', '206', '232', '238', '251', '265'], 'Capricorn', 'Pig', ['303', 3, 0]) Danish artist 1935-07-23
John D. MacDonald (['50', '152', '156', '172', '173', '179', '186', '206', '210', '222', '235', '260', '265', '267'], 'Capricorn', 'Dragon', ['303', 3, 0]) American novelist, 1916-07-24
Markus Naslund (['53', '158', '162', '177', '179', '195', '214', '220', '232', '245', '252', '255', '267', '276'], 'Capricorn', 'Ox', ['303', 3, 0]) Swedish ice hockey player 1973-07-30
Sonu Nigam (['53', '158', '162', '177', '179', '195', '214', '220', '232', '245', '252', '255', '267', '276'], 'Capricorn', 'Ox', ['303', 3, 0]) Indian singer/actor 1973-07-30
Derek Smith (['53', '154', '158', '180', '185', '208', '210', '222', '244', '254', '264', '276'], 'Capricorn', 'Horse', ['303', 3, 0]) Canadian ice hockey player 1954-07-31
Vic Davalillo (['57', '163', '181', '183', '191', '206', '220', '235', '263', '270'], 'Capricorn', 'Rat', ['303', 3, 0]) baseball player 1936-07-31
Sir Richard Greenbury (['57', '163', '181', '183', '191', '206', '220', '235', '263', '270'], 'Capricorn', 'Rat', ['303', 3, 0]) British retailing giant 1936-07-31
Hiroyuki Goto (['54', '152', '177', '179', '195', '207', '214', '232', '252', '267', '271', '276'], 'Capricorn', 'Ox', ['303', 3, 0]) Japanese game designer 1973-08-02
Sandis Ozolinš (['50', '159', '166', '175', '176', '192', '193', '205', '211', '219', '238', '247', '276'], 'Capricorn', 'Rat', ['303', 3, 0]) Latvian ice hockey player 1972-08-03
Edward Petherbridge (['59', '164', '174', '183', '220', '235', '263', '270'], 'Capricorn', 'Rat', ['303', 3, 0]) English actor 1936-08-03
Nigel Harman (['58', '164', '176', '189', '195', '232', '267', '271', '276'], 'Capricorn', 'Ox', ['303', 3, 0]) British actor 1973-08-11
Mark Kinsella (['54', '162', '166', '175', '176', '192', '193', '219', '238', '262', '276'], 'Capricorn', 'Rat', ['303', 3, 0]) Irish footballer 1972-08-12
Takanohana (['54', '162', '166', '175', '176', '192', '193', '219', '238', '262', '276'], 'Capricorn', 'Rat', ['303', 3, 0]) Sumo yokozuna 1972-08-12
Sam J. Jones (['58', '162', '189', '197', '222', '244', '264', '276'], 'Capricorn', 'Horse', ['303', 3, 0]) American actor 1954-08-12
Pat Metheny (['58', '162', '189', '197', '222', '244', '264', '276'], 'Capricorn', 'Horse', ['303', 3, 0]) American guitarist 1954-08-12
Mudcat Grant (['58', '153', '179', '220', '225', '232', '238', '256', '261'], 'Capricorn', 'Pig', ['303', 3, 0]) American baseball player 1935-08-13
Rod Hull (['58', '153', '179', '220', '225', '232', '238', '256', '261'], 'Capricorn', 'Pig', ['303', 3, 0]) British television entertainer 1935-08-13
Sid Gordon (['51', '157', '183', '190', '205', '230', '232', '237'], 'Capricorn', 'Snake', ['303', 3, 0]) American baseball player 1917-08-13
Wellington Mara (['59', '189', '191', '206', '221', '235', '247', '258', '260', '267'], 'Capricorn', 'Dragon', ['303', 3, 0]) Co-Owner of the New York Giants 1916-08-14
Todd Helton (['50', '147', '156', '162', '176', '206', '209', '212', '220', '223', '232', '260', '267', '271', '276'], 'Capricorn', 'Ox', ['303', 3, 0]) baseball player 1973-08-20
Archie Griffin (['50', '157', '159', '166', '173', '177', '190', '194', '211', '222', '244', '247', '251', '256', '257', '264', '276'], 'Capricorn', 'Horse', ['303', 3, 0]) former American football player and only two-time Heisman Trophy winner. 1954-08-21
Ivan Stang (['50', '157', '159', '166', '173', '177', '190', '194', '211', '222', '244', '247', '251', '256', '257', '264', '276'], 'Capricorn', 'Horse', ['303', 3, 0]) American writer 1954-08-21
Wilt Chamberlain (['55', '155', '197', '204', '211', '225', '235', '258', '270'], 'Capricorn', 'Rat', ['303', 3, 0]) American basketball player 1936-08-21
E. Annie Proulx (['51', '159', '163', '193', '197', '215', '222', '232', '238', '261'], 'Capricorn', 'Pig', ['303', 3, 0]) American author 1935-08-22
John Lee Hooker (['55', '161', '181', '183', '230', '232', '237'], 'Capricorn', 'Snake', ['303', 3, 0]) American guitarist and singer 1917-08-22
Cameron Diaz (['62', '159', '168', '182', '192', '193', '226', '238', '276'], 'Capricorn', 'Rat', ['303', 3, 0]) American actress 1972-08-30
Pavel Nedved (['62', '159', '168', '182', '192', '193', '226', '238', '276'], 'Capricorn', 'Rat', ['303', 3, 0]) Czech footballer 1972-08-30
David Paymer (['66', '155', '157', '173', '175', '204', '211', '213', '220', '228', '235', '244', '261', '276'], 'Capricorn', 'Horse', ['303', 3, 0]) American actor 1954-08-30
Alexander Lukashenko (['66', '155', '157', '173', '175', '204', '211', '213', '220', '228', '235', '244', '261', '276'], 'Capricorn', 'Horse', ['303', 3, 0]) President of Belarus 1954-08-30
Frank Robinson (['66', '145', '176', '180', '204', '205', '206', '215', '222', '232', '238', '255', '258'], 'Capricorn', 'Pig', ['303', 3, 0]) American baseball player and manager 1935-08-31
Eldridge Cleaver (['66', '145', '176', '180', '204', '205', '206', '215', '222', '232', '238', '255', '258'], 'Capricorn', 'Pig', ['303', 3, 0]) American political activist 1935-08-31
J. D. Fortune (['67', '150', '166', '173', '175', '182', '190', '192', '199', '220', '223', '232', '267', '271', '276'], 'Capricorn', 'Ox', ['303', 3, 0]) Canadian singer (INXS) 1973-09-01
Zach Thomas (['67', '150', '166', '173', '175', '182', '190', '192', '199', '220', '223', '232', '267', '271', '276'], 'Capricorn', 'Ox', ['303', 3, 0]) American football player 1973-09-01
Matthew Dunn (['63', '152', '162', '182', '191', '224', '238', '276'], 'Capricorn', 'Rat', ['303', 3, 0]) Australian swimmer 1972-09-02
Andrew Grove (['72', '149', '162', '165', '176', '219', '233', '235', '241', '261'], 'Capricorn', 'Rat', ['303', 3, 0]) American computer chip manufacturer 1936-09-02
Ferdinand Coly (['71', '203', '220', '223', '232', '267', '271', '276'], 'Capricorn', 'Ox', ['303', 3, 0]) Senegalese footballer 1973-09-10
Ian Abercrombie (['64', '172', '179', '180', '191', '233', '235', '241', '254'], 'Capricorn', 'Rat', ['303', 3, 0]) English actor 1936-09-11
Pierre Sévigny (['65', '149', '151', '152', '179', '192', '194', '208', '210', '237', '259'], 'Capricorn', 'Snake', ['303', 3, 0]) Canadian politician 1917-09-12
Roald Dahl (['61', '153', '158', '193', '204', '210', '211', '223', '226', '235', '256', '264', '267'], 'Capricorn', 'Dragon', ['303', 3, 0]) British writer 1916-09-13
Henry Samueli (['64', '156', '174', '176', '195', '205', '228', '235', '244', '276'], 'Capricorn', 'Horse', ['303', 3, 0]) American NHL team owner 1954-09-20
Henry Gibson (['64', '158', '174', '208', '210', '212', '224', '238', '252', '259', '267'], 'Capricorn', 'Pig', ['303', 3, 0]) American actor 1935-09-21
Phyllis Nicolson (['68', '163', '166', '210', '214', '218', '230', '261'], 'Capricorn', 'Snake', ['303', 3, 0]) British mathematician 1917-09-21
Johnny Mathis (['80', '145', '153', '156', '164', '173', '189', '192', '198', '208', '210', '212', '224', '238', '267'], 'Capricorn', 'Pig', ['303', 3, 0]) American singer 1935-09-30
Park Chunghee (['84', '177', '189', '196', '210', '212', '216', '219', '230', '253'], 'Capricorn', 'Snake', ['303', 3, 0]) President of South Korea 1917-09-30
Buddy Rich (['84', '177', '189', '196', '210', '212', '216', '219', '230', '253'], 'Capricorn', 'Snake', ['303', 3, 0]) American drummer 1917-09-30
Steven Burns (['84', '152', '154', '156', '165', '192', '195', '196', '220', '223', '232', '267', '271', '276'], 'Capricorn', 'Ox', ['303', 3, 0]) American actor and musician 1973-10-09
Fabio Lione (['84', '152', '154', '156', '165', '192', '195', '196', '220', '223', '232', '267', '271', '276'], 'Capricorn', 'Ox', ['303', 3, 0]) Italian musician (Rhapsody) 1973-10-09
Terry Balsamo (['84', '152', '154', '156', '165', '192', '195', '196', '220', '223', '232', '267', '271', '276'], 'Capricorn', 'Ox', ['303', 3, 0]) American guitarist 1973-10-09
Michalis Kapsis (['76', '152', '171', '204', '206', '220', '223', '232', '261', '267', '271', '276'], 'Capricorn', 'Ox', ['303', 3, 0]) Greek footballer 1973-10-18
Pras (['84', '155', '165', '175', '189', '217', '268', '276'], 'Capricorn', 'Rat', ['303', 3, 0]) American musician 1972-10-19
Keith Foulke (['84', '155', '165', '175', '189', '217', '268', '276'], 'Capricorn', 'Rat', ['303', 3, 0]) American baseball pitcher 1972-10-19
Sam Allardyce (['76', '148', '150', '153', '161', '165', '172', '178', '179', '181', '186', '205', '206', '208', '223', '225', '226', '228', '235', '244', '247', '252', '262', '276'], 'Capricorn', 'Horse', ['303', 3, 0]) English football manager 1954-10-19
Deborah Blum (['76', '148', '150', '153', '161', '165', '172', '178', '179', '181', '186', '205', '206', '208', '223', '225', '226', '228', '235', '244', '247', '252', '262', '276'], 'Capricorn', 'Horse', ['303', 3, 0]) American writer 1954-10-19
Jason Johnson (['92', '175', '178', '179', '220', '223', '232', '267', '271', '276'], 'Capricorn', 'Ox', ['303', 3, 0]) American baseball pitcher (Cincinnati Reds) 1973-10-27
Terrell Davis (['88', '161', '164', '174', '189', '212', '217', '268', '276'], 'Capricorn', 'Rat', ['303', 3, 0]) American football player 1972-10-28
Brad Paisley (['88', '161', '164', '174', '189', '212', '217', '268', '276'], 'Capricorn', 'Rat', ['303', 3, 0]) American musician 1972-10-28
Denis Potvin (['88', '150', '152', '154', '165', '170', '190', '193', '221', '223', '232', '244', '259', '267', '276'], 'Capricorn', 'Snake', ['303', 3, 0]) Canadian ice hockey player 1953-10-29
Takahata Isao (['92', '148', '173', '175', '181', '204', '220', '221', '238', '255', '267'], 'Capricorn', 'Pig', ['303', 3, 0]) Japanese animated film director 1935-10-29
Eddie Constantine (['85', '153', '155', '156', '157', '166', '182', '199', '207', '208', '211', '230', '231', '240', '252', '258'], 'Capricorn', 'Snake', ['303', 3, 0]) American actor/singer 1917-10-29
Corin Tucker (['93', '153', '163', '188', '207', '217', '258', '268', '276'], 'Capricorn', 'Rat', ['303', 3, 0]) American musician (Sleater-Kinney) 1972-11-09
Doug Russell (['93', '153', '163', '188', '207', '217', '258', '268', '276'], 'Capricorn', 'Rat', ['303', 3, 0]) American radio personality 1972-11-09
Eric Dane (['93', '153', '163', '188', '207', '217', '258', '268', '276'], 'Capricorn', 'Rat', ['303', 3, 0]) American actor 1972-11-09
Dennis Stratton (['85', '159', '162', '164', '165', '170', '178', '188', '196', '198', '206', '208', '224', '228', '235', '244', '255', '258', '262', '276'], 'Capricorn', 'Horse', ['303', 3, 0]) British musician, (Iron Maiden, Praying Mantis) 1954-11-09
John Parr (['90', '152', '167', '174', '176', '206', '208', '224', '228', '235', '244', '253', '262', '276'], 'Capricorn', 'Horse', ['303', 3, 0]) British pop singer 1954-11-18
Robert Beltran (['85', '155', '164', '165', '176', '202', '232', '244', '253', '255', '267', '276'], 'Capricorn', 'Snake', ['303', 3, 0]) American actor 1953-11-19
Tom Villard (['85', '155', '164', '165', '176', '202', '232', '244', '253', '255', '267', '276'], 'Capricorn', 'Snake', ['303', 3, 0]) American actor 1953-11-19
Rashad Khalifa (['90', '157', '162', '163', '190', '194', '206', '222', '233', '238', '252'], 'Capricorn', 'Pig', ['303', 3, 0]) Egyptian imam 1935-11-19
Jack Welch (['90', '157', '162', '163', '190', '194', '206', '222', '233', '238', '252'], 'Capricorn', 'Pig', ['303', 3, 0]) American businessman 1935-11-19
Indira Gandhi (['94', '146', '194', '195', '196', '223', '232', '240', '263'], 'Capricorn', 'Snake', ['303', 3, 0]) Prime Minister of India 1917-11-19
Patricia McPherson (['105', '154', '158', '183', '186', '202', '222', '228', '235', '244', '255', '265', '276'], 'Capricorn', 'Horse', ['303', 3, 0]) American actress 1954-11-27
Sixto Lezcano (['102', '156', '208', '232', '244', '247', '262', '267', '276'], 'Capricorn', 'Snake', ['303', 3, 0]) Puerto Rican baseball player 1953-11-28
Prince Hitachi (['105', '169', '180', '190', '233', '238', '258', '265'], 'Capricorn', 'Pig', ['303', 3, 0]) Japanese royalty 1935-11-28
Fran Ryan (['106', '162', '166', '175', '177', '192', '194', '212', '214', '219', '237', '261'], 'Capricorn', 'Dragon', ['303', 3, 0]) American actress 1916-11-29
Marco Abreu (['106', '180', '200', '206', '219', '256', '276'], 'Capricorn', 'Rat', ['303', 3, 0]) Angolan footballer 1972-12-08
Frank Shamrock (['106', '180', '200', '206', '219', '256', '276'], 'Capricorn', 'Rat', ['303', 3, 0]) American MMA-Fighter and younger brother of MMA-Fighter Ken Shamrock 1972-12-08
John Malkovich (['106', '193', '218', '219', '225', '232', '244', '259', '263', '267', '276'], 'Capricorn', 'Snake', ['303', 3, 0]) American actor 1953-12-09
Monique Miller (['106', '193', '218', '219', '225', '232', '244', '259', '263', '267', '276'], 'Capricorn', 'Snake', ['303', 3, 0]) French Canadian actress 1953-12-09
James Rainwater (['103', '156', '175', '178', '206', '214', '232', '246', '259'], 'Capricorn', 'Snake', ['303', 3, 0]) Nobel Prize laureate 1917-12-09
John Abraham (['98', '176', '188', '200', '258', '276'], 'Capricorn', 'Rat', ['303', 3, 0]) Indian actor 1972-12-17
Laurie Holden (['98', '176', '188', '200', '258', '276'], 'Capricorn', 'Rat', ['303', 3, 0]) American actress 1972-12-17
Elliot Easton (['98', '157', '173', '177', '179', '183', '218', '219', '225', '232', '244', '252', '256', '263', '267', '276'], 'Capricorn', 'Snake', ['303', 3, 0]) American guitarist (The Cars) 1953-12-18
Khas-Magomed Hadjimuradov (['98', '157', '173', '177', '179', '183', '218', '219', '225', '232', '244', '252', '256', '263', '267', '276'], 'Capricorn', 'Snake', ['303', 3, 0]) Chechen bard 1953-12-18
Jacques Pépin (['102', '159', '166', '209', '219', '225', '233', '238', '247', '255'], 'Capricorn', 'Pig', ['303', 3, 0]) French chef 1935-12-18
Ossie Davis (['107', '146', '163', '176', '178', '212', '232'], 'Capricorn', 'Snake', ['303', 3, 0]) American actor 1917-12-18
Robert Muchamore (['114', '155', '159', '163', '197', '204', '253', '261', '276'], 'Capricorn', 'Rat', ['303', 3, 0]) Childrens Author 1972-12-26
Ozzie Smith (['118', '154', '156', '166', '206', '208', '220', '228', '235', '244', '262', '276'], 'Capricorn', 'Horse', ['303', 3, 0]) American baseball player 1954-12-26
Steve Steen (['118', '154', '156', '166', '206', '208', '220', '228', '235', '244', '262', '276'], 'Capricorn', 'Horse', ['303', 3, 0]) English actor 1954-12-26
Onni Palaste (['111', '153', '156', '212', '232', '253'], 'Capricorn', 'Snake', ['303', 3, 0]) Finnish writer 1917-12-27

Compilation finished at Mon Mar 12 01:28:47
